<?xml version="1.0" encoding="UTF-8"?>
<coverage generated="1614233590969" clover="3.2.0">
  <project timestamp="1614233590969" name="All files">
    <metrics statements="39" coveredstatements="33" conditionals="18" coveredconditionals="18" methods="8" coveredmethods="7" elements="65" coveredelements="58" complexity="0" loc="39" ncloc="39" packages="1" files="1" classes="1"/>
    <file name="SinglyLinkedList.js" path="C:\Users\pc1\projects\DSA-practice\LinkedList\SinglyLinkedList.js">
      <metrics statements="39" coveredstatements="33" conditionals="18" coveredconditionals="18" methods="8" coveredmethods="7"/>
      <line num="4" count="41" type="stmt"/>
      <line num="5" count="41" type="stmt"/>
      <line num="11" count="13" type="stmt"/>
      <line num="12" count="13" type="stmt"/>
      <line num="16" count="39" type="stmt"/>
      <line num="17" count="39" type="stmt"/>
      <line num="18" count="39" type="stmt"/>
      <line num="21" count="11" type="cond" truecount="4" falsecount="0"/>
      <line num="23" count="8" type="stmt"/>
      <line num="24" count="8" type="stmt"/>
      <line num="27" count="7" type="stmt"/>
      <line num="30" count="8" type="stmt"/>
      <line num="33" count="5" type="cond" truecount="4" falsecount="0"/>
      <line num="34" count="3" type="cond" truecount="2" falsecount="0"/>
      <line num="35" count="1" type="stmt"/>
      <line num="37" count="3" type="stmt"/>
      <line num="38" count="3" type="cond" truecount="2" falsecount="0"/>
      <line num="39" count="2" type="stmt"/>
      <line num="40" count="2" type="stmt"/>
      <line num="42" count="2" type="stmt"/>
      <line num="45" count="4" type="cond" truecount="4" falsecount="0"/>
      <line num="46" count="2" type="cond" truecount="2" falsecount="0"/>
      <line num="47" count="1" type="stmt"/>
      <line num="48" count="1" type="stmt"/>
      <line num="51" count="1" type="stmt"/>
      <line num="52" count="1" type="stmt"/>
      <line num="58" count="1" type="stmt"/>
      <line num="62" count="0" type="stmt"/>
      <line num="63" count="0" type="stmt"/>
      <line num="64" count="0" type="stmt"/>
      <line num="65" count="0" type="stmt"/>
      <line num="66" count="0" type="stmt"/>
      <line num="68" count="0" type="stmt"/>
      <line num="74" count="1" type="stmt"/>
      <line num="75" count="12" type="stmt"/>
      <line num="76" count="12" type="stmt"/>
      <line num="77" count="36" type="stmt"/>
      <line num="79" count="12" type="stmt"/>
      <line num="81" count="1" type="stmt"/>
    </file>
  </project>
</coverage>
