{"C:\\Users\\pc1\\projects\\DSA-practice\\LinkedList\\SinglyLinkedList.js": {"path":"C:\\Users\\pc1\\projects\\DSA-practice\\LinkedList\\SinglyLinkedList.js","statementMap":{"0":{"start":{"line":4,"column":8},"end":{"line":4,"column":27}},"1":{"start":{"line":5,"column":8},"end":{"line":5,"column":25}},"2":{"start":{"line":11,"column":8},"end":{"line":11,"column":24}},"3":{"start":{"line":12,"column":8},"end":{"line":12,"column":25}},"4":{"start":{"line":16,"column":22},"end":{"line":16,"column":47}},"5":{"start":{"line":17,"column":8},"end":{"line":17,"column":28}},"6":{"start":{"line":18,"column":8},"end":{"line":18,"column":22}},"7":{"start":{"line":21,"column":8},"end":{"line":21,"column":58}},"8":{"start":{"line":21,"column":46},"end":{"line":21,"column":58}},"9":{"start":{"line":23,"column":29},"end":{"line":23,"column":38}},"10":{"start":{"line":24,"column":8},"end":{"line":29,"column":9}},"11":{"start":{"line":24,"column":20},"end":{"line":24,"column":21}},"12":{"start":{"line":27,"column":12},"end":{"line":27,"column":49}},"13":{"start":{"line":30,"column":8},"end":{"line":30,"column":29}},"14":{"start":{"line":36,"column":0},"end":{"line":42,"column":1}},"15":{"start":{"line":37,"column":15},"end":{"line":37,"column":31}},"16":{"start":{"line":38,"column":4},"end":{"line":40,"column":5}},"17":{"start":{"line":38,"column":16},"end":{"line":38,"column":32}},"18":{"start":{"line":39,"column":8},"end":{"line":39,"column":34}},"19":{"start":{"line":41,"column":4},"end":{"line":41,"column":13}},"20":{"start":{"line":43,"column":0},"end":{"line":43,"column":28}}},"fnMap":{"0":{"name":"(anonymous_0)","decl":{"start":{"line":3,"column":4},"end":{"line":3,"column":5}},"loc":{"start":{"line":3,"column":28},"end":{"line":6,"column":5}},"line":3},"1":{"name":"(anonymous_1)","decl":{"start":{"line":10,"column":4},"end":{"line":10,"column":5}},"loc":{"start":{"line":10,"column":17},"end":{"line":13,"column":5}},"line":10},"2":{"name":"(anonymous_2)","decl":{"start":{"line":15,"column":4},"end":{"line":15,"column":5}},"loc":{"start":{"line":15,"column":22},"end":{"line":19,"column":5}},"line":15},"3":{"name":"(anonymous_3)","decl":{"start":{"line":20,"column":4},"end":{"line":20,"column":5}},"loc":{"start":{"line":20,"column":21},"end":{"line":31,"column":5}},"line":20},"4":{"name":"(anonymous_4)","decl":{"start":{"line":36,"column":24},"end":{"line":36,"column":25}},"loc":{"start":{"line":36,"column":43},"end":{"line":42,"column":1}},"line":36}},"branchMap":{"0":{"loc":{"start":{"line":21,"column":8},"end":{"line":21,"column":58}},"type":"if","locations":[{"start":{"line":21,"column":8},"end":{"line":21,"column":58}},{"start":{"line":21,"column":8},"end":{"line":21,"column":58}}],"line":21},"1":{"loc":{"start":{"line":21,"column":11},"end":{"line":21,"column":44}},"type":"binary-expr","locations":[{"start":{"line":21,"column":11},"end":{"line":21,"column":20}},{"start":{"line":21,"column":24},"end":{"line":21,"column":44}}],"line":21}},"s":{"0":14,"1":14,"2":5,"3":5,"4":14,"5":14,"6":14,"7":4,"8":2,"9":2,"10":2,"11":2,"12":1,"13":2,"14":1,"15":4,"16":4,"17":4,"18":12,"19":4,"20":1},"f":{"0":14,"1":5,"2":14,"3":4,"4":4},"b":{"0":[2,2],"1":[4,3]},"_coverageSchema":"1a1c01bbd47fc00a2c39e90264f33305004495a9","hash":"e3541da48660ce86f436d58c249d409ecedd28f9"}
}
