{"C:\\Users\\pc1\\projects\\DSA-practice\\LinkedList\\SinglyLinkedList.js": {"path":"C:\\Users\\pc1\\projects\\DSA-practice\\LinkedList\\SinglyLinkedList.js","statementMap":{"0":{"start":{"line":4,"column":8},"end":{"line":4,"column":27}},"1":{"start":{"line":5,"column":8},"end":{"line":5,"column":25}},"2":{"start":{"line":11,"column":8},"end":{"line":11,"column":24}},"3":{"start":{"line":12,"column":8},"end":{"line":12,"column":25}},"4":{"start":{"line":16,"column":22},"end":{"line":16,"column":47}},"5":{"start":{"line":17,"column":8},"end":{"line":17,"column":28}},"6":{"start":{"line":18,"column":8},"end":{"line":18,"column":22}},"7":{"start":{"line":21,"column":8},"end":{"line":21,"column":58}},"8":{"start":{"line":21,"column":46},"end":{"line":21,"column":58}},"9":{"start":{"line":23,"column":29},"end":{"line":23,"column":38}},"10":{"start":{"line":24,"column":8},"end":{"line":29,"column":9}},"11":{"start":{"line":24,"column":20},"end":{"line":24,"column":21}},"12":{"start":{"line":27,"column":12},"end":{"line":27,"column":49}},"13":{"start":{"line":30,"column":8},"end":{"line":30,"column":29}},"14":{"start":{"line":33,"column":8},"end":{"line":33,"column":57}},"15":{"start":{"line":33,"column":45},"end":{"line":33,"column":57}},"16":{"start":{"line":34,"column":8},"end":{"line":36,"column":9}},"17":{"start":{"line":35,"column":12},"end":{"line":35,"column":37}},"18":{"start":{"line":37,"column":21},"end":{"line":37,"column":45}},"19":{"start":{"line":38,"column":8},"end":{"line":38,"column":38}},"20":{"start":{"line":38,"column":26},"end":{"line":38,"column":38}},"21":{"start":{"line":39,"column":24},"end":{"line":39,"column":50}},"22":{"start":{"line":40,"column":8},"end":{"line":40,"column":27}},"23":{"start":{"line":42,"column":8},"end":{"line":42,"column":22}},"24":{"start":{"line":45,"column":8},"end":{"line":45,"column":57}},"25":{"start":{"line":45,"column":45},"end":{"line":45,"column":57}},"26":{"start":{"line":46,"column":8},"end":{"line":59,"column":9}},"27":{"start":{"line":47,"column":13},"end":{"line":47,"column":40}},"28":{"start":{"line":48,"column":13},"end":{"line":48,"column":27}},"29":{"start":{"line":51,"column":21},"end":{"line":51,"column":45}},"30":{"start":{"line":52,"column":8},"end":{"line":52,"column":47}},"31":{"start":{"line":58,"column":8},"end":{"line":58,"column":22}},"32":{"start":{"line":62,"column":21},"end":{"line":62,"column":23}},"33":{"start":{"line":63,"column":22},"end":{"line":63,"column":31}},"34":{"start":{"line":64,"column":8},"end":{"line":67,"column":9}},"35":{"start":{"line":64,"column":21},"end":{"line":64,"column":22}},"36":{"start":{"line":65,"column":12},"end":{"line":65,"column":44}},"37":{"start":{"line":66,"column":12},"end":{"line":66,"column":34}},"38":{"start":{"line":68,"column":8},"end":{"line":68,"column":37}},"39":{"start":{"line":74,"column":0},"end":{"line":80,"column":1}},"40":{"start":{"line":75,"column":15},"end":{"line":75,"column":31}},"41":{"start":{"line":76,"column":4},"end":{"line":78,"column":5}},"42":{"start":{"line":76,"column":16},"end":{"line":76,"column":32}},"43":{"start":{"line":77,"column":8},"end":{"line":77,"column":34}},"44":{"start":{"line":79,"column":4},"end":{"line":79,"column":13}},"45":{"start":{"line":81,"column":0},"end":{"line":81,"column":28}}},"fnMap":{"0":{"name":"(anonymous_0)","decl":{"start":{"line":3,"column":4},"end":{"line":3,"column":5}},"loc":{"start":{"line":3,"column":28},"end":{"line":6,"column":5}},"line":3},"1":{"name":"(anonymous_1)","decl":{"start":{"line":10,"column":4},"end":{"line":10,"column":5}},"loc":{"start":{"line":10,"column":17},"end":{"line":13,"column":5}},"line":10},"2":{"name":"(anonymous_2)","decl":{"start":{"line":15,"column":4},"end":{"line":15,"column":5}},"loc":{"start":{"line":15,"column":22},"end":{"line":19,"column":5}},"line":15},"3":{"name":"(anonymous_3)","decl":{"start":{"line":20,"column":4},"end":{"line":20,"column":5}},"loc":{"start":{"line":20,"column":21},"end":{"line":31,"column":5}},"line":20},"4":{"name":"(anonymous_4)","decl":{"start":{"line":32,"column":4},"end":{"line":32,"column":5}},"loc":{"start":{"line":32,"column":31},"end":{"line":43,"column":5}},"line":32},"5":{"name":"(anonymous_5)","decl":{"start":{"line":44,"column":4},"end":{"line":44,"column":5}},"loc":{"start":{"line":44,"column":24},"end":{"line":60,"column":5}},"line":44},"6":{"name":"(anonymous_6)","decl":{"start":{"line":61,"column":4},"end":{"line":61,"column":5}},"loc":{"start":{"line":61,"column":11},"end":{"line":69,"column":5}},"line":61},"7":{"name":"(anonymous_7)","decl":{"start":{"line":74,"column":24},"end":{"line":74,"column":25}},"loc":{"start":{"line":74,"column":43},"end":{"line":80,"column":1}},"line":74}},"branchMap":{"0":{"loc":{"start":{"line":21,"column":8},"end":{"line":21,"column":58}},"type":"if","locations":[{"start":{"line":21,"column":8},"end":{"line":21,"column":58}},{"start":{"line":21,"column":8},"end":{"line":21,"column":58}}],"line":21},"1":{"loc":{"start":{"line":21,"column":11},"end":{"line":21,"column":44}},"type":"binary-expr","locations":[{"start":{"line":21,"column":11},"end":{"line":21,"column":20}},{"start":{"line":21,"column":24},"end":{"line":21,"column":44}}],"line":21},"2":{"loc":{"start":{"line":33,"column":8},"end":{"line":33,"column":57}},"type":"if","locations":[{"start":{"line":33,"column":8},"end":{"line":33,"column":57}},{"start":{"line":33,"column":8},"end":{"line":33,"column":57}}],"line":33},"3":{"loc":{"start":{"line":33,"column":11},"end":{"line":33,"column":43}},"type":"binary-expr","locations":[{"start":{"line":33,"column":11},"end":{"line":33,"column":30}},{"start":{"line":33,"column":34},"end":{"line":33,"column":43}}],"line":33},"4":{"loc":{"start":{"line":34,"column":8},"end":{"line":36,"column":9}},"type":"if","locations":[{"start":{"line":34,"column":8},"end":{"line":36,"column":9}},{"start":{"line":34,"column":8},"end":{"line":36,"column":9}}],"line":34},"5":{"loc":{"start":{"line":38,"column":8},"end":{"line":38,"column":38}},"type":"if","locations":[{"start":{"line":38,"column":8},"end":{"line":38,"column":38}},{"start":{"line":38,"column":8},"end":{"line":38,"column":38}}],"line":38},"6":{"loc":{"start":{"line":45,"column":8},"end":{"line":45,"column":57}},"type":"if","locations":[{"start":{"line":45,"column":8},"end":{"line":45,"column":57}},{"start":{"line":45,"column":8},"end":{"line":45,"column":57}}],"line":45},"7":{"loc":{"start":{"line":45,"column":11},"end":{"line":45,"column":43}},"type":"binary-expr","locations":[{"start":{"line":45,"column":11},"end":{"line":45,"column":20}},{"start":{"line":45,"column":24},"end":{"line":45,"column":43}}],"line":45},"8":{"loc":{"start":{"line":46,"column":8},"end":{"line":59,"column":9}},"type":"if","locations":[{"start":{"line":46,"column":8},"end":{"line":59,"column":9}},{"start":{"line":46,"column":8},"end":{"line":59,"column":9}}],"line":46}},"s":{"0":41,"1":41,"2":13,"3":13,"4":39,"5":39,"6":39,"7":11,"8":3,"9":8,"10":8,"11":8,"12":7,"13":8,"14":5,"15":2,"16":3,"17":1,"18":3,"19":3,"20":1,"21":2,"22":2,"23":2,"24":4,"25":2,"26":2,"27":1,"28":1,"29":1,"30":1,"31":1,"32":0,"33":0,"34":0,"35":0,"36":0,"37":0,"38":0,"39":1,"40":12,"41":12,"42":12,"43":36,"44":12,"45":1},"f":{"0":41,"1":13,"2":39,"3":11,"4":5,"5":4,"6":0,"7":12},"b":{"0":[3,8],"1":[11,9],"2":[2,3],"3":[5,4],"4":[1,2],"5":[1,2],"6":[2,2],"7":[4,3],"8":[1,1]},"_coverageSchema":"1a1c01bbd47fc00a2c39e90264f33305004495a9","hash":"3b5141d5218b06b91d25946b5e81fd2fefdcbe49"}
}
