TN:
SF:LinkedList\SinglyLinkedList.js
FN:3,(anonymous_0)
FN:10,(anonymous_1)
FN:15,(anonymous_2)
FN:20,(anonymous_3)
FN:32,(anonymous_4)
FN:44,(anonymous_5)
FN:61,(anonymous_6)
FN:74,(anonymous_7)
FNF:8
FNH:7
FNDA:41,(anonymous_0)
FNDA:13,(anonymous_1)
FNDA:39,(anonymous_2)
FNDA:11,(anonymous_3)
FNDA:5,(anonymous_4)
FNDA:4,(anonymous_5)
FNDA:0,(anonymous_6)
FNDA:12,(anonymous_7)
DA:4,41
DA:5,41
DA:11,13
DA:12,13
DA:16,39
DA:17,39
DA:18,39
DA:21,11
DA:23,8
DA:24,8
DA:27,7
DA:30,8
DA:33,5
DA:34,3
DA:35,1
DA:37,3
DA:38,3
DA:39,2
DA:40,2
DA:42,2
DA:45,4
DA:46,2
DA:47,1
DA:48,1
DA:51,1
DA:52,1
DA:58,1
DA:62,0
DA:63,0
DA:64,0
DA:65,0
DA:66,0
DA:68,0
DA:74,1
DA:75,12
DA:76,12
DA:77,36
DA:79,12
DA:81,1
LF:39
LH:33
BRDA:21,0,0,3
BRDA:21,0,1,8
BRDA:21,1,0,11
BRDA:21,1,1,9
BRDA:33,2,0,2
BRDA:33,2,1,3
BRDA:33,3,0,5
BRDA:33,3,1,4
BRDA:34,4,0,1
BRDA:34,4,1,2
BRDA:38,5,0,1
BRDA:38,5,1,2
BRDA:45,6,0,2
BRDA:45,6,1,2
BRDA:45,7,0,4
BRDA:45,7,1,3
BRDA:46,8,0,1
BRDA:46,8,1,1
BRF:18
BRH:18
end_of_record
